Command line invocation:
    /Applications/Xcode.app/Contents/Developer/usr/bin/xcodebuild build -project /Users/adamgarrett-harris/Development/github/agarrharr/Stickers/Stickers.xcodeproj -scheme Stickers -destination id=9E02574A-94DD-41D9-A309-57C5B9CEDA79 -parallelizeTargets

User defaults from command line:
    IDEPackageSupportUseBuiltinSCM = YES

Resolve Package Graph


Resolved source packages:
  combine-schedulers: https://github.com/pointfreeco/combine-schedulers @ 1.0.0
  swift-clocks: https://github.com/pointfreeco/swift-clocks @ 1.0.2
  swift-perception: https://github.com/pointfreeco/swift-perception @ 1.1.1
  swift-concurrency-extras: https://github.com/pointfreeco/swift-concurrency-extras @ 1.1.0
  swiftui-navigation: https://github.com/pointfreeco/swiftui-navigation @ 1.2.1
  swift-composable-architecture: https://www.github.com/pointfreeco/swift-composable-architecture @ shared-state-beta (9a05a05)
  swift-nonempty: https://github.com/pointfreeco/swift-nonempty @ 0.4.0
  swift-syntax: https://github.com/apple/swift-syntax @ 509.1.1
  swift-collections: https://github.com/apple/swift-collections @ 1.1.0
  swift-custom-dump: https://github.com/pointfreeco/swift-custom-dump @ 1.2.1
  xctest-dynamic-overlay: https://github.com/pointfreeco/xctest-dynamic-overlay @ 1.1.0
  swift-identified-collections: https://github.com/pointfreeco/swift-identified-collections @ 1.0.0
  swift-dependencies: https://github.com/pointfreeco/swift-dependencies @ 1.2.1
  Stickers: /Users/adamgarrett-harris/Development/github/agarrharr/Stickers/Modules
  swift-case-paths: https://github.com/pointfreeco/swift-case-paths @ 1.2.4

--- xcodebuild: WARNING: Using the first of multiple matching destinations:
{ platform:iOS Simulator, id:9E02574A-94DD-41D9-A309-57C5B9CEDA79, OS:17.4, name:iPhone 15 Pro }
{ platform:iOS Simulator, id:9E02574A-94DD-41D9-A309-57C5B9CEDA79, OS:17.4, name:iPhone 15 Pro }
Prepare packages

ComputeTargetDependencyGraph
note: Building targets in dependency order
note: Target dependency graph (57 targets)
    Target 'Stickers' in project 'Stickers'
        ➜ Explicit dependency on target 'AppFeature' in project 'Stickers'
    Target 'AppFeature' in project 'Stickers'
        ➜ Explicit dependency on target 'AppFeature' in project 'Stickers'
        ➜ Explicit dependency on target 'AddChartFeature' in project 'Stickers'
        ➜ Explicit dependency on target 'AddPersonFeature' in project 'Stickers'
        ➜ Explicit dependency on target 'StickerFeature' in project 'Stickers'
        ➜ Explicit dependency on target 'ChartFeature' in project 'Stickers'
        ➜ Explicit dependency on target 'PersonFeature' in project 'Stickers'
        ➜ Explicit dependency on target 'SettingsFeature' in project 'Stickers'
        ➜ Explicit dependency on target 'ComposableArchitecture' in project 'swift-composable-architecture'
        ➜ Explicit dependency on target 'NonEmpty' in project 'swift-nonempty'
    Target 'AppFeature' in project 'Stickers'
        ➜ Explicit dependency on target 'AddChartFeature' in project 'Stickers'
        ➜ Explicit dependency on target 'AddPersonFeature' in project 'Stickers'
        ➜ Explicit dependency on target 'StickerFeature' in project 'Stickers'
        ➜ Explicit dependency on target 'ChartFeature' in project 'Stickers'
        ➜ Explicit dependency on target 'PersonFeature' in project 'Stickers'
        ➜ Explicit dependency on target 'SettingsFeature' in project 'Stickers'
        ➜ Explicit dependency on target 'ComposableArchitecture' in project 'swift-composable-architecture'
        ➜ Explicit dependency on target 'NonEmpty' in project 'swift-nonempty'
    Target 'SettingsFeature' in project 'Stickers'
        ➜ Explicit dependency on target 'StickerFeature' in project 'Stickers'
        ➜ Explicit dependency on target 'ChartFeature' in project 'Stickers'
        ➜ Explicit dependency on target 'PersonFeature' in project 'Stickers'
        ➜ Explicit dependency on target 'ComposableArchitecture' in project 'swift-composable-architecture'
        ➜ Explicit dependency on target 'NonEmpty' in project 'swift-nonempty'
    Target 'PersonFeature' in project 'Stickers'
        ➜ Explicit dependency on target 'StickerFeature' in project 'Stickers'
        ➜ Explicit dependency on target 'ChartFeature' in project 'Stickers'
        ➜ Explicit dependency on target 'ComposableArchitecture' in project 'swift-composable-architecture'
        ➜ Explicit dependency on target 'NonEmpty' in project 'swift-nonempty'
    Target 'ChartFeature' in project 'Stickers'
        ➜ Explicit dependency on target 'StickerFeature' in project 'Stickers'
        ➜ Explicit dependency on target 'ComposableArchitecture' in project 'swift-composable-architecture'
        ➜ Explicit dependency on target 'NonEmpty' in project 'swift-nonempty'
    Target 'StickerFeature' in project 'Stickers'
        ➜ Explicit dependency on target 'Stickers_StickerFeature' in project 'Stickers'
        ➜ Explicit dependency on target 'ComposableArchitecture' in project 'swift-composable-architecture'
        ➜ Explicit dependency on target 'NonEmpty' in project 'swift-nonempty'
    Target 'NonEmpty' in project 'swift-nonempty'
        ➜ Explicit dependency on target 'NonEmpty' in project 'swift-nonempty'
    Target 'NonEmpty' in project 'swift-nonempty' (no dependencies)
    Target 'Stickers_StickerFeature' in project 'Stickers' (no dependencies)
    Target 'AddPersonFeature' in project 'Stickers'
        ➜ Explicit dependency on target 'ComposableArchitecture' in project 'swift-composable-architecture'
    Target 'AddChartFeature' in project 'Stickers'
        ➜ Explicit dependency on target 'ComposableArchitecture' in project 'swift-composable-architecture'
    Target 'ComposableArchitecture' in project 'swift-composable-architecture'
        ➜ Explicit dependency on target 'ComposableArchitecture' in project 'swift-composable-architecture'
        ➜ Explicit dependency on target 'ComposableArchitectureMacros' in project 'swift-composable-architecture'
        ➜ Explicit dependency on target 'CasePaths' in project 'swift-case-paths'
        ➜ Explicit dependency on target 'CombineSchedulers' in project 'combine-schedulers'
        ➜ Explicit dependency on target 'ConcurrencyExtras' in project 'swift-concurrency-extras'
        ➜ Explicit dependency on target 'CustomDump' in project 'swift-custom-dump'
        ➜ Explicit dependency on target 'Dependencies' in project 'swift-dependencies'
        ➜ Explicit dependency on target 'DependenciesMacros' in project 'swift-dependencies'
        ➜ Explicit dependency on target 'IdentifiedCollections' in project 'swift-identified-collections'
        ➜ Explicit dependency on target 'OrderedCollections' in project 'swift-collections'
        ➜ Explicit dependency on target 'Perception' in project 'swift-perception'
        ➜ Explicit dependency on target 'SwiftUINavigationCore' in project 'swiftui-navigation'
        ➜ Explicit dependency on target 'XCTestDynamicOverlay' in project 'xctest-dynamic-overlay'
    Target 'ComposableArchitecture' in project 'swift-composable-architecture'
        ➜ Explicit dependency on target 'ComposableArchitectureMacros' in project 'swift-composable-architecture'
        ➜ Explicit dependency on target 'CasePaths' in project 'swift-case-paths'
        ➜ Explicit dependency on target 'CombineSchedulers' in project 'combine-schedulers'
        ➜ Explicit dependency on target 'ConcurrencyExtras' in project 'swift-concurrency-extras'
        ➜ Explicit dependency on target 'CustomDump' in project 'swift-custom-dump'
        ➜ Explicit dependency on target 'Dependencies' in project 'swift-dependencies'
        ➜ Explicit dependency on target 'DependenciesMacros' in project 'swift-dependencies'
        ➜ Explicit dependency on target 'IdentifiedCollections' in project 'swift-identified-collections'
        ➜ Explicit dependency on target 'OrderedCollections' in project 'swift-collections'
        ➜ Explicit dependency on target 'Perception' in project 'swift-perception'
        ➜ Explicit dependency on target 'SwiftUINavigationCore' in project 'swiftui-navigation'
        ➜ Explicit dependency on target 'XCTestDynamicOverlay' in project 'xctest-dynamic-overlay'
    Target 'SwiftUINavigationCore' in project 'swiftui-navigation'
        ➜ Explicit dependency on target 'SwiftUINavigationCore' in project 'swiftui-navigation'
        ➜ Explicit dependency on target 'CustomDump' in project 'swift-custom-dump'
        ➜ Explicit dependency on target 'XCTestDynamicOverlay' in project 'xctest-dynamic-overlay'
    Target 'SwiftUINavigationCore' in project 'swiftui-navigation'
        ➜ Explicit dependency on target 'CustomDump' in project 'swift-custom-dump'
        ➜ Explicit dependency on target 'XCTestDynamicOverlay' in project 'xctest-dynamic-overlay'
    Target 'Perception' in project 'swift-perception'
        ➜ Explicit dependency on target 'Perception' in project 'swift-perception'
        ➜ Explicit dependency on target 'PerceptionMacros' in project 'swift-perception'
        ➜ Explicit dependency on target 'OrderedCollections' in project 'swift-collections'
        ➜ Explicit dependency on target 'XCTestDynamicOverlay' in project 'xctest-dynamic-overlay'
    Target 'Perception' in project 'swift-perception'
        ➜ Explicit dependency on target 'PerceptionMacros' in project 'swift-perception'
        ➜ Explicit dependency on target 'OrderedCollections' in project 'swift-collections'
        ➜ Explicit dependency on target 'XCTestDynamicOverlay' in project 'xctest-dynamic-overlay'
    Target 'PerceptionMacros' in project 'swift-perception'
        ➜ Explicit dependency on target 'SwiftSyntaxMacros' in project 'swift-syntax'
        ➜ Explicit dependency on target 'SwiftCompilerPlugin' in project 'swift-syntax'
    Target 'IdentifiedCollections' in project 'swift-identified-collections'
        ➜ Explicit dependency on target 'IdentifiedCollections' in project 'swift-identified-collections'
        ➜ Explicit dependency on target 'OrderedCollections' in project 'swift-collections'
    Target 'IdentifiedCollections' in project 'swift-identified-collections'
        ➜ Explicit dependency on target 'OrderedCollections' in project 'swift-collections'
    Target 'OrderedCollections' in project 'swift-collections'
        ➜ Explicit dependency on target 'OrderedCollections' in project 'swift-collections'
        ➜ Explicit dependency on target '_CollectionsUtilities' in project 'swift-collections'
    Target 'OrderedCollections' in project 'swift-collections'
        ➜ Explicit dependency on target '_CollectionsUtilities' in project 'swift-collections'
    Target '_CollectionsUtilities' in project 'swift-collections' (no dependencies)
    Target 'DependenciesMacros' in project 'swift-dependencies'
        ➜ Explicit dependency on target 'DependenciesMacros' in project 'swift-dependencies'
        ➜ Explicit dependency on target 'DependenciesMacrosPlugin' in project 'swift-dependencies'
        ➜ Explicit dependency on target 'XCTestDynamicOverlay' in project 'xctest-dynamic-overlay'
    Target 'DependenciesMacros' in project 'swift-dependencies'
        ➜ Explicit dependency on target 'DependenciesMacrosPlugin' in project 'swift-dependencies'
        ➜ Explicit dependency on target 'XCTestDynamicOverlay' in project 'xctest-dynamic-overlay'
    Target 'DependenciesMacrosPlugin' in project 'swift-dependencies'
        ➜ Explicit dependency on target 'SwiftSyntaxMacros' in project 'swift-syntax'
        ➜ Explicit dependency on target 'SwiftCompilerPlugin' in project 'swift-syntax'
    Target 'Dependencies' in project 'swift-dependencies'
        ➜ Explicit dependency on target 'Dependencies' in project 'swift-dependencies'
        ➜ Explicit dependency on target 'Clocks' in project 'swift-clocks'
        ➜ Explicit dependency on target 'CombineSchedulers' in project 'combine-schedulers'
        ➜ Explicit dependency on target 'ConcurrencyExtras' in project 'swift-concurrency-extras'
        ➜ Explicit dependency on target 'XCTestDynamicOverlay' in project 'xctest-dynamic-overlay'
    Target 'Dependencies' in project 'swift-dependencies'
        ➜ Explicit dependency on target 'Clocks' in project 'swift-clocks'
        ➜ Explicit dependency on target 'CombineSchedulers' in project 'combine-schedulers'
        ➜ Explicit dependency on target 'ConcurrencyExtras' in project 'swift-concurrency-extras'
        ➜ Explicit dependency on target 'XCTestDynamicOverlay' in project 'xctest-dynamic-overlay'
    Target 'Clocks' in project 'swift-clocks'
        ➜ Explicit dependency on target 'Clocks' in project 'swift-clocks'
        ➜ Explicit dependency on target 'ConcurrencyExtras' in project 'swift-concurrency-extras'
        ➜ Explicit dependency on target 'XCTestDynamicOverlay' in project 'xctest-dynamic-overlay'
    Target 'Clocks' in project 'swift-clocks'
        ➜ Explicit dependency on target 'ConcurrencyExtras' in project 'swift-concurrency-extras'
        ➜ Explicit dependency on target 'XCTestDynamicOverlay' in project 'xctest-dynamic-overlay'
    Target 'CustomDump' in project 'swift-custom-dump'
        ➜ Explicit dependency on target 'CustomDump' in project 'swift-custom-dump'
        ➜ Explicit dependency on target 'XCTestDynamicOverlay' in project 'xctest-dynamic-overlay'
    Target 'CustomDump' in project 'swift-custom-dump'
        ➜ Explicit dependency on target 'XCTestDynamicOverlay' in project 'xctest-dynamic-overlay'
    Target 'CombineSchedulers' in project 'combine-schedulers'
        ➜ Explicit dependency on target 'CombineSchedulers' in project 'combine-schedulers'
        ➜ Explicit dependency on target 'ConcurrencyExtras' in project 'swift-concurrency-extras'
        ➜ Explicit dependency on target 'XCTestDynamicOverlay' in project 'xctest-dynamic-overlay'
    Target 'CombineSchedulers' in project 'combine-schedulers'
        ➜ Explicit dependency on target 'ConcurrencyExtras' in project 'swift-concurrency-extras'
        ➜ Explicit dependency on target 'XCTestDynamicOverlay' in project 'xctest-dynamic-overlay'
    Target 'ConcurrencyExtras' in project 'swift-concurrency-extras'
        ➜ Explicit dependency on target 'ConcurrencyExtras' in project 'swift-concurrency-extras'
    Target 'ConcurrencyExtras' in project 'swift-concurrency-extras' (no dependencies)
    Target 'CasePaths' in project 'swift-case-paths'
        ➜ Explicit dependency on target 'CasePaths' in project 'swift-case-paths'
        ➜ Explicit dependency on target 'CasePathsMacros' in project 'swift-case-paths'
        ➜ Explicit dependency on target 'XCTestDynamicOverlay' in project 'xctest-dynamic-overlay'
    Target 'CasePaths' in project 'swift-case-paths'
        ➜ Explicit dependency on target 'CasePathsMacros' in project 'swift-case-paths'
        ➜ Explicit dependency on target 'XCTestDynamicOverlay' in project 'xctest-dynamic-overlay'
    Target 'XCTestDynamicOverlay' in project 'xctest-dynamic-overlay'
        ➜ Explicit dependency on target 'XCTestDynamicOverlay' in project 'xctest-dynamic-overlay'
    Target 'XCTestDynamicOverlay' in project 'xctest-dynamic-overlay' (no dependencies)
    Target 'CasePathsMacros' in project 'swift-case-paths'
        ➜ Explicit dependency on target 'SwiftSyntaxMacros' in project 'swift-syntax'
        ➜ Explicit dependency on target 'SwiftCompilerPlugin' in project 'swift-syntax'
    Target 'ComposableArchitectureMacros' in project 'swift-composable-architecture'
        ➜ Explicit dependency on target 'SwiftSyntaxMacros' in project 'swift-syntax'
        ➜ Explicit dependency on target 'SwiftCompilerPlugin' in project 'swift-syntax'
    Target 'SwiftCompilerPlugin' in project 'swift-syntax'
        ➜ Explicit dependency on target 'SwiftCompilerPlugin' in project 'swift-syntax'
        ➜ Explicit dependency on target 'SwiftSyntax509' in project 'swift-syntax'
        ➜ Explicit dependency on target 'SwiftSyntax' in project 'swift-syntax'
        ➜ Explicit dependency on target 'SwiftDiagnostics' in project 'swift-syntax'
        ➜ Explicit dependency on target 'SwiftParser' in project 'swift-syntax'
        ➜ Explicit dependency on target 'SwiftOperators' in project 'swift-syntax'
        ➜ Explicit dependency on target 'SwiftBasicFormat' in project 'swift-syntax'
        ➜ Explicit dependency on target 'SwiftParserDiagnostics' in project 'swift-syntax'
        ➜ Explicit dependency on target 'SwiftSyntaxBuilder' in project 'swift-syntax'
        ➜ Explicit dependency on target 'SwiftSyntaxMacros' in project 'swift-syntax'
        ➜ Explicit dependency on target 'SwiftSyntaxMacroExpansion' in project 'swift-syntax'
        ➜ Explicit dependency on target 'SwiftCompilerPluginMessageHandling' in project 'swift-syntax'
    Target 'SwiftCompilerPlugin' in project 'swift-syntax'
        ➜ Explicit dependency on target 'SwiftSyntax509' in project 'swift-syntax'
        ➜ Explicit dependency on target 'SwiftSyntax' in project 'swift-syntax'
        ➜ Explicit dependency on target 'SwiftDiagnostics' in project 'swift-syntax'
        ➜ Explicit dependency on target 'SwiftParser' in project 'swift-syntax'
        ➜ Explicit dependency on target 'SwiftOperators' in project 'swift-syntax'
        ➜ Explicit dependency on target 'SwiftBasicFormat' in project 'swift-syntax'
        ➜ Explicit dependency on target 'SwiftParserDiagnostics' in project 'swift-syntax'
        ➜ Explicit dependency on target 'SwiftSyntaxBuilder' in project 'swift-syntax'
        ➜ Explicit dependency on target 'SwiftSyntaxMacros' in project 'swift-syntax'
        ➜ Explicit dependency on target 'SwiftSyntaxMacroExpansion' in project 'swift-syntax'
        ➜ Explicit dependency on target 'SwiftCompilerPluginMessageHandling' in project 'swift-syntax'
    Target 'SwiftCompilerPluginMessageHandling' in project 'swift-syntax'
        ➜ Explicit dependency on target 'SwiftSyntax509' in project 'swift-syntax'
        ➜ Explicit dependency on target 'SwiftSyntax' in project 'swift-syntax'
        ➜ Explicit dependency on target 'SwiftDiagnostics' in project 'swift-syntax'
        ➜ Explicit dependency on target 'SwiftParser' in project 'swift-syntax'
        ➜ Explicit dependency on target 'SwiftOperators' in project 'swift-syntax'
        ➜ Explicit dependency on target 'SwiftBasicFormat' in project 'swift-syntax'
        ➜ Explicit dependency on target 'SwiftParserDiagnostics' in project 'swift-syntax'
        ➜ Explicit dependency on target 'SwiftSyntaxBuilder' in project 'swift-syntax'
        ➜ Explicit dependency on target 'SwiftSyntaxMacros' in project 'swift-syntax'
        ➜ Explicit dependency on target 'SwiftSyntaxMacroExpansion' in project 'swift-syntax'
    Target 'SwiftSyntaxMacroExpansion' in project 'swift-syntax'
        ➜ Explicit dependency on target 'SwiftSyntax509' in project 'swift-syntax'
        ➜ Explicit dependency on target 'SwiftSyntax' in project 'swift-syntax'
        ➜ Explicit dependency on target 'SwiftBasicFormat' in project 'swift-syntax'
        ➜ Explicit dependency on target 'SwiftParser' in project 'swift-syntax'
        ➜ Explicit dependency on target 'SwiftDiagnostics' in project 'swift-syntax'
        ➜ Explicit dependency on target 'SwiftParserDiagnostics' in project 'swift-syntax'
        ➜ Explicit dependency on target 'SwiftSyntaxBuilder' in project 'swift-syntax'
        ➜ Explicit dependency on target 'SwiftSyntaxMacros' in project 'swift-syntax'
        ➜ Explicit dependency on target 'SwiftOperators' in project 'swift-syntax'
    Target 'SwiftOperators' in project 'swift-syntax'
        ➜ Explicit dependency on target 'SwiftSyntax509' in project 'swift-syntax'
        ➜ Explicit dependency on target 'SwiftSyntax' in project 'swift-syntax'
        ➜ Explicit dependency on target 'SwiftDiagnostics' in project 'swift-syntax'
        ➜ Explicit dependency on target 'SwiftParser' in project 'swift-syntax'
    Target 'SwiftSyntaxMacros' in project 'swift-syntax'
        ➜ Explicit dependency on target 'SwiftSyntaxMacros' in project 'swift-syntax'
        ➜ Explicit dependency on target 'SwiftSyntax509' in project 'swift-syntax'
        ➜ Explicit dependency on target 'SwiftSyntax' in project 'swift-syntax'
        ➜ Explicit dependency on target 'SwiftDiagnostics' in project 'swift-syntax'
        ➜ Explicit dependency on target 'SwiftParser' in project 'swift-syntax'
        ➜ Explicit dependency on target 'SwiftBasicFormat' in project 'swift-syntax'
        ➜ Explicit dependency on target 'SwiftParserDiagnostics' in project 'swift-syntax'
        ➜ Explicit dependency on target 'SwiftSyntaxBuilder' in project 'swift-syntax'
    Target 'SwiftSyntaxMacros' in project 'swift-syntax'
        ➜ Explicit dependency on target 'SwiftSyntax509' in project 'swift-syntax'
        ➜ Explicit dependency on target 'SwiftSyntax' in project 'swift-syntax'
        ➜ Explicit dependency on target 'SwiftDiagnostics' in project 'swift-syntax'
        ➜ Explicit dependency on target 'SwiftParser' in project 'swift-syntax'
        ➜ Explicit dependency on target 'SwiftBasicFormat' in project 'swift-syntax'
        ➜ Explicit dependency on target 'SwiftParserDiagnostics' in project 'swift-syntax'
        ➜ Explicit dependency on target 'SwiftSyntaxBuilder' in project 'swift-syntax'
    Target 'SwiftSyntaxBuilder' in project 'swift-syntax'
        ➜ Explicit dependency on target 'SwiftSyntax509' in project 'swift-syntax'
        ➜ Explicit dependency on target 'SwiftSyntax' in project 'swift-syntax'
        ➜ Explicit dependency on target 'SwiftBasicFormat' in project 'swift-syntax'
        ➜ Explicit dependency on target 'SwiftParser' in project 'swift-syntax'
        ➜ Explicit dependency on target 'SwiftDiagnostics' in project 'swift-syntax'
        ➜ Explicit dependency on target 'SwiftParserDiagnostics' in project 'swift-syntax'
    Target 'SwiftParserDiagnostics' in project 'swift-syntax'
        ➜ Explicit dependency on target 'SwiftSyntax509' in project 'swift-syntax'
        ➜ Explicit dependency on target 'SwiftSyntax' in project 'swift-syntax'
        ➜ Explicit dependency on target 'SwiftBasicFormat' in project 'swift-syntax'
        ➜ Explicit dependency on target 'SwiftDiagnostics' in project 'swift-syntax'
        ➜ Explicit dependency on target 'SwiftParser' in project 'swift-syntax'
    Target 'SwiftBasicFormat' in project 'swift-syntax'
        ➜ Explicit dependency on target 'SwiftSyntax509' in project 'swift-syntax'
        ➜ Explicit dependency on target 'SwiftSyntax' in project 'swift-syntax'
    Target 'SwiftParser' in project 'swift-syntax'
        ➜ Explicit dependency on target 'SwiftSyntax509' in project 'swift-syntax'
        ➜ Explicit dependency on target 'SwiftSyntax' in project 'swift-syntax'
    Target 'SwiftDiagnostics' in project 'swift-syntax'
        ➜ Explicit dependency on target 'SwiftSyntax509' in project 'swift-syntax'
        ➜ Explicit dependency on target 'SwiftSyntax' in project 'swift-syntax'
    Target 'SwiftSyntax' in project 'swift-syntax'
        ➜ Explicit dependency on target 'SwiftSyntax509' in project 'swift-syntax'
    Target 'SwiftSyntax509' in project 'swift-syntax' (no dependencies)

GatherProvisioningInputs

CreateBuildDescription

ClangStatCache /Applications/Xcode.app/Contents/Developer/Toolchains/XcodeDefault.xctoolchain/usr/bin/clang-stat-cache /Applications/Xcode.app/Contents/Developer/Platforms/iPhoneSimulator.platform/Developer/SDKs/iPhoneSimulator17.4.sdk /Users/adamgarrett-harris/Library/Developer/Xcode/DerivedData/SDKStatCaches.noindex/iphonesimulator17.4-21E210-aa93b11c43e2d16681ac3fa171344f4f.sdkstatcache
    cd /Users/adamgarrett-harris/Development/github/agarrharr/Stickers/Stickers.xcodeproj
    /Applications/Xcode.app/Contents/Developer/Toolchains/XcodeDefault.xctoolchain/usr/bin/clang-stat-cache /Applications/Xcode.app/Contents/Developer/Platforms/iPhoneSimulator.platform/Developer/SDKs/iPhoneSimulator17.4.sdk -o /Users/adamgarrett-harris/Library/Developer/Xcode/DerivedData/SDKStatCaches.noindex/iphonesimulator17.4-21E210-aa93b11c43e2d16681ac3fa171344f4f.sdkstatcache

ClangStatCache /Applications/Xcode.app/Contents/Developer/Toolchains/XcodeDefault.xctoolchain/usr/bin/clang-stat-cache /Applications/Xcode.app/Contents/Developer/Platforms/MacOSX.platform/Developer/SDKs/MacOSX14.4.sdk /Users/adamgarrett-harris/Library/Developer/Xcode/DerivedData/SDKStatCaches.noindex/macosx14.4-23E208-13f6e737bddbb37f317b3579f3535bf5.sdkstatcache
    cd /Users/adamgarrett-harris/Development/github/agarrharr/Stickers/Stickers.xcodeproj
    /Applications/Xcode.app/Contents/Developer/Toolchains/XcodeDefault.xctoolchain/usr/bin/clang-stat-cache /Applications/Xcode.app/Contents/Developer/Platforms/MacOSX.platform/Developer/SDKs/MacOSX14.4.sdk -o /Users/adamgarrett-harris/Library/Developer/Xcode/DerivedData/SDKStatCaches.noindex/macosx14.4-23E208-13f6e737bddbb37f317b3579f3535bf5.sdkstatcache

** BUILD SUCCEEDED **


